Using pre-set license
Built from '2021.3/staging' branch; Version is '2021.3.19f1 (c9714fde33b6) revision 13201743'; Using compiler version '192829333'; Build Type 'Release'
OS: 'Windows 11  (10.0.22621) 64bit CoreSingleLanguage' Language: 'en' Physical Memory: 20264 MB
BatchMode: 1, IsHumanControllingUs: 0, StartBugReporterOnCrash: 0, Is64bit: 1, IsPro: 1

COMMAND LINE ARGUMENTS:
C:\Program Files\Unity 2021.3.19f1\Editor\Unity.exe
-adb2
-batchMode
-noUpm
-name
AssetImportWorker0
-projectPath
E:/Game Asset Unity/Unity engine/Skilvul
-logFile
Logs/AssetImportWorker0.log
-srvPort
52361
Successfully changed project path to: E:/Game Asset Unity/Unity engine/Skilvul
E:/Game Asset Unity/Unity engine/Skilvul
[UnityMemory] Configuration Parameters - Can be set up in boot.config
    "memorysetup-bucket-allocator-granularity=16"
    "memorysetup-bucket-allocator-bucket-count=8"
    "memorysetup-bucket-allocator-block-size=33554432"
    "memorysetup-bucket-allocator-block-count=8"
    "memorysetup-main-allocator-block-size=16777216"
    "memorysetup-thread-allocator-block-size=16777216"
    "memorysetup-gfx-main-allocator-block-size=16777216"
    "memorysetup-gfx-thread-allocator-block-size=16777216"
    "memorysetup-cache-allocator-block-size=4194304"
    "memorysetup-typetree-allocator-block-size=2097152"
    "memorysetup-profiler-bucket-allocator-granularity=16"
    "memorysetup-profiler-bucket-allocator-bucket-count=8"
    "memorysetup-profiler-bucket-allocator-block-size=33554432"
    "memorysetup-profiler-bucket-allocator-block-count=8"
    "memorysetup-profiler-allocator-block-size=16777216"
    "memorysetup-profiler-editor-allocator-block-size=1048576"
    "memorysetup-temp-allocator-size-main=16777216"
    "memorysetup-job-temp-allocator-block-size=2097152"
    "memorysetup-job-temp-allocator-block-size-background=1048576"
    "memorysetup-job-temp-allocator-reduction-small-platforms=262144"
    "memorysetup-temp-allocator-size-background-worker=32768"
    "memorysetup-temp-allocator-size-job-worker=262144"
    "memorysetup-temp-allocator-size-preload-manager=33554432"
    "memorysetup-temp-allocator-size-nav-mesh-worker=65536"
    "memorysetup-temp-allocator-size-audio-worker=65536"
    "memorysetup-temp-allocator-size-cloud-worker=32768"
    "memorysetup-temp-allocator-size-gi-baking-worker=262144"
    "memorysetup-temp-allocator-size-gfx=262144"
Player connection [1596] Host "[IP] 192.168.1.2 [Port] 0 [Flags] 2 [Guid] 355679714 [EditorId] 355679714 [Version] 1048832 [Id] WindowsEditor(7,Nahdhath) [Debug] 1 [PackageName] WindowsEditor [ProjectName] Editor" joined multi-casting on [225.0.0.222:54997]...

Player connection [1596] Host "[IP] 192.168.1.2 [Port] 0 [Flags] 2 [Guid] 355679714 [EditorId] 355679714 [Version] 1048832 [Id] WindowsEditor(7,Nahdhath) [Debug] 1 [PackageName] WindowsEditor [ProjectName] Editor" joined alternative multi-casting on [225.0.0.222:34997]...

Refreshing native plugins compatible for Editor in 120.35 ms, found 3 plugins.
Preloading 0 native plugins for Editor in 0.00 ms.
Initialize engine version: 2021.3.19f1 (c9714fde33b6)
[Subsystems] Discovering subsystems at path C:/Program Files/Unity 2021.3.19f1/Editor/Data/Resources/UnitySubsystems
[Subsystems] Discovering subsystems at path E:/Game Asset Unity/Unity engine/Skilvul/Assets
GfxDevice: creating device client; threaded=0; jobified=0
Direct3D:
    Version:  Direct3D 11.0 [level 11.1]
    Renderer: NVIDIA GeForce MX230 (ID=0x1d11)
    Vendor:   NVIDIA
    VRAM:     1982 MB
    Driver:   31.0.15.2737
Initialize mono
Mono path[0] = 'C:/Program Files/Unity 2021.3.19f1/Editor/Data/Managed'
Mono path[1] = 'C:/Program Files/Unity 2021.3.19f1/Editor/Data/MonoBleedingEdge/lib/mono/unityjit-win32'
Mono config path = 'C:/Program Files/Unity 2021.3.19f1/Editor/Data/MonoBleedingEdge/etc'
Using monoOptions --debugger-agent=transport=dt_socket,embedding=1,server=y,suspend=n,address=127.0.0.1:56888
Begin MonoManager ReloadAssembly
Registering precompiled unity dll's ...
Register platform support module: C:/Program Files/Unity 2021.3.19f1/Editor/Data/PlaybackEngines/WebGLSupport/UnityEditor.WebGL.Extensions.dll
Register platform support module: C:/Program Files/Unity 2021.3.19f1/Editor/Data/PlaybackEngines/AndroidPlayer/UnityEditor.Android.Extensions.dll
Register platform support module: C:/Program Files/Unity 2021.3.19f1/Editor/Data/PlaybackEngines/WindowsStandaloneSupport/UnityEditor.WindowsStandalone.Extensions.dll
Registered in 0.003470 seconds.
Native extension for WindowsStandalone target not found
Native extension for Android target not found
Native extension for WebGL target not found
Refreshing native plugins compatible for Editor in 117.01 ms, found 3 plugins.
Preloading 0 native plugins for Editor in 0.00 ms.
Mono: successfully reloaded assembly
- Completed reload, in  0.704 seconds
Domain Reload Profiling:
	ReloadAssembly (704ms)
		BeginReloadAssembly (82ms)
			ExecutionOrderSort (0ms)
			DisableScriptedObjects (0ms)
			BackupInstance (0ms)
			ReleaseScriptingObjects (0ms)
			CreateAndSetChildDomain (1ms)
		EndReloadAssembly (491ms)
			LoadAssemblies (81ms)
			RebuildTransferFunctionScriptingTraits (0ms)
			SetupTypeCache (101ms)
			ReleaseScriptCaches (0ms)
			RebuildScriptCaches (27ms)
			SetupLoadedEditorAssemblies (304ms)
				LogAssemblyErrors (0ms)
				InitializePlatformSupportModulesInManaged (48ms)
				SetLoadedEditorAssemblies (0ms)
				RefreshPlugins (117ms)
				BeforeProcessingInitializeOnLoad (1ms)
				ProcessInitializeOnLoadAttributes (98ms)
				ProcessInitializeOnLoadMethodAttributes (40ms)
				AfterProcessingInitializeOnLoad (0ms)
				EditorAssembliesLoaded (0ms)
			ExecutionOrderSort2 (0ms)
			AwakeInstancesAfterBackupRestoration (0ms)
Platform modules already initialized, skipping
Registering precompiled user dll's ...
Registered in 0.003912 seconds.
Begin MonoManager ReloadAssembly
Symbol file LoadedFromMemory doesn't match image E:\Game Asset Unity\Unity engine\Skilvul\Library\PackageCache\com.unity.visualscripting@1.8.0\Editor\VisualScripting.Core\Dependencies\YamlDotNet\Unity.VisualScripting.YamlDotNet.dll
Symbol file LoadedFromMemory doesn't match image E:\Game Asset Unity\Unity engine\Skilvul\Library\PackageCache\com.unity.visualscripting@1.8.0\Editor\VisualScripting.Core\Dependencies\DotNetZip\Unity.VisualScripting.IonicZip.dll
Native extension for WindowsStandalone target not found
Native extension for Android target not found
Native extension for WebGL target not found
Refreshing native plugins compatible for Editor in 123.68 ms, found 3 plugins.
Preloading 0 native plugins for Editor in 0.00 ms.
Mono: successfully reloaded assembly
- Completed reload, in  1.384 seconds
Domain Reload Profiling:
	ReloadAssembly (1385ms)
		BeginReloadAssembly (106ms)
			ExecutionOrderSort (0ms)
			DisableScriptedObjects (5ms)
			BackupInstance (0ms)
			ReleaseScriptingObjects (0ms)
			CreateAndSetChildDomain (20ms)
		EndReloadAssembly (1151ms)
			LoadAssemblies (81ms)
			RebuildTransferFunctionScriptingTraits (0ms)
			SetupTypeCache (328ms)
			ReleaseScriptCaches (1ms)
			RebuildScriptCaches (64ms)
			SetupLoadedEditorAssemblies (627ms)
				LogAssemblyErrors (0ms)
				InitializePlatformSupportModulesInManaged (16ms)
				SetLoadedEditorAssemblies (0ms)
				RefreshPlugins (124ms)
				BeforeProcessingInitializeOnLoad (126ms)
				ProcessInitializeOnLoadAttributes (288ms)
				ProcessInitializeOnLoadMethodAttributes (69ms)
				AfterProcessingInitializeOnLoad (4ms)
				EditorAssembliesLoaded (0ms)
			ExecutionOrderSort2 (0ms)
			AwakeInstancesAfterBackupRestoration (5ms)
Platform modules already initialized, skipping
========================================================================
Worker process is ready to serve import requests
Launched and connected shader compiler UnityShaderCompiler.exe after 0.04 seconds
Refreshing native plugins compatible for Editor in 0.92 ms, found 3 plugins.
Preloading 0 native plugins for Editor in 0.00 ms.
Unloading 5284 Unused Serialized files (Serialized files now loaded: 0)
Unloading 68 unused Assets / (1.7 MB). Loaded Objects now: 5741.
Memory consumption went from 230.3 MB to 228.6 MB.
Total: 4.231000 ms (FindLiveObjects: 0.450100 ms CreateObjectMapping: 0.427500 ms MarkObjects: 2.717600 ms  DeleteObjects: 0.634700 ms)

AssetImportParameters requested are different than current active one (requested -> active):
  custom:video-decoder-ogg-theora: a1e56fd34408186e4bbccfd4996cb3dc -> 
  custom:container-muxer-webm: aa71ff27fc2769a1b78a27578f13a17b -> 
  custom:container-demuxer-webm: 4f35f7cbe854078d1ac9338744f61a02 -> 
  custom:video-encoder-webm-vp8: eb34c28f22e8b96e1ab97ce403110664 -> 
  custom:video-codec-MediaFoundation-h265: 746d11721c4dcdbdad8f713fa42b33f4 -> 
  custom:audio-encoder-webm-vorbis: bf7c407c2cedff20999df2af8eb42d56 -> 
  custom:framework-win-MediaFoundation: 216162199b28c13a410421893ffa2e32 -> 
  custom:container-demuxer-ogg: 62fdf1f143b41e24485cea50d1cbac27 -> 
  custom:video-decoder-webm-vp8: 9c59270c3fd7afecdb556c50c9e8de78 -> 
  custom:audio-decoder-ogg-vorbis: bf7c407c2cedff20999df2af8eb42d56 -> 
========================================================================
Received Import Request.
  Time since last request: 5645.442722 seconds.
  path: Assets/Minigolf
  artifactKey: Guid(6d6eed7448113ea4384fcf334a1153ff) Importer(815301076,1909f56bfc062723c751e8b465ee728b)
Start importing Assets/Minigolf using Guid(6d6eed7448113ea4384fcf334a1153ff) Importer(815301076,1909f56bfc062723c751e8b465ee728b)  -> (artifact id: '2b2cd869e99e2a8d9acbc06506a6dc87') in 0.013702 seconds 
========================================================================
Received Import Request.
  Time since last request: 18.124918 seconds.
  path: Assets/Minigolf/Bola.mat
  artifactKey: Guid(2481a42e5d3e74347964904629abe2da) Importer(815301076,1909f56bfc062723c751e8b465ee728b)
Start importing Assets/Minigolf/Bola.mat using Guid(2481a42e5d3e74347964904629abe2da) Importer(815301076,1909f56bfc062723c751e8b465ee728b)  -> (artifact id: '5f4c49c278631087c1c347f8f1ccaa00') in 0.268158 seconds 
========================================================================
Received Import Request.
  Time since last request: 7.559500 seconds.
  path: Assets/Minigolf/Grass.mat
  artifactKey: Guid(0b3b2db7ccccc364f83a8226ec8a1ffd) Importer(815301076,1909f56bfc062723c751e8b465ee728b)
Start importing Assets/Minigolf/Grass.mat using Guid(0b3b2db7ccccc364f83a8226ec8a1ffd) Importer(815301076,1909f56bfc062723c751e8b465ee728b)  -> (artifact id: '8be88686960a95d74d0be8dd077dc41e') in 0.012747 seconds 
========================================================================
Received Import Request.
  Time since last request: 114294.646877 seconds.
  path: Assets/Minigolf/Bola.mat
  artifactKey: Guid(2481a42e5d3e74347964904629abe2da) Importer(815301076,1909f56bfc062723c751e8b465ee728b)
Start importing Assets/Minigolf/Bola.mat using Guid(2481a42e5d3e74347964904629abe2da) Importer(815301076,1909f56bfc062723c751e8b465ee728b)  -> (artifact id: 'be166bf7b2728242b1dc8e160781d5d8') in 0.148088 seconds 
========================================================================
Received Import Request.
  Time since last request: 89.876755 seconds.
  path: Assets/Minigolf/Garis.mat
  artifactKey: Guid(20f2d1f7dd3056b409cc54ba8d9f9d82) Importer(815301076,1909f56bfc062723c751e8b465ee728b)
Start importing Assets/Minigolf/Garis.mat using Guid(20f2d1f7dd3056b409cc54ba8d9f9d82) Importer(815301076,1909f56bfc062723c751e8b465ee728b)  -> (artifact id: '639dcc95d5b4e32bd57404fb26e401e4') in 0.026134 seconds 
========================================================================
Received Import Request.
  Time since last request: 989.964680 seconds.
  path: Assets/Minigolf/Garis.mat
  artifactKey: Guid(20f2d1f7dd3056b409cc54ba8d9f9d82) Importer(815301076,1909f56bfc062723c751e8b465ee728b)
Start importing Assets/Minigolf/Garis.mat using Guid(20f2d1f7dd3056b409cc54ba8d9f9d82) Importer(815301076,1909f56bfc062723c751e8b465ee728b)  -> (artifact id: 'd43938d0e4728b00c643be66aa7f84e6') in 0.021369 seconds 
========================================================================
Received Import Request.
  Time since last request: 713.172332 seconds.
  path: Assets/Minigolf/black.mat
  artifactKey: Guid(47201990cbc83544eb35d68cdd2a5a3e) Importer(815301076,1909f56bfc062723c751e8b465ee728b)
Start importing Assets/Minigolf/black.mat using Guid(47201990cbc83544eb35d68cdd2a5a3e) Importer(815301076,1909f56bfc062723c751e8b465ee728b)  -> (artifact id: 'c6ed4d99688a9bd14a68f609d09da9a0') in 0.038425 seconds 
========================================================================
Received Import Request.
  Time since last request: 0.289854 seconds.
  path: Assets/Minigolf/MiniGolf.unity
  artifactKey: Guid(5d18905d173d22c41a0a94c8eae1a19a) Importer(815301076,1909f56bfc062723c751e8b465ee728b)
Start importing Assets/Minigolf/MiniGolf.unity using Guid(5d18905d173d22c41a0a94c8eae1a19a) Importer(815301076,1909f56bfc062723c751e8b465ee728b)  -> (artifact id: 'e2da6c13ff7581b0153382a93cf23713') in 0.008216 seconds 
========================================================================
Received Import Request.
  Time since last request: 21586.953600 seconds.
  path: Assets/Minigolf/black.mat
  artifactKey: Guid(47201990cbc83544eb35d68cdd2a5a3e) Importer(815301076,1909f56bfc062723c751e8b465ee728b)
Start importing Assets/Minigolf/black.mat using Guid(47201990cbc83544eb35d68cdd2a5a3e) Importer(815301076,1909f56bfc062723c751e8b465ee728b)  -> (artifact id: 'bccd97e6771a0fda48392f186dbfa6af') in 0.063752 seconds 
========================================================================
Received Import Request.
  Time since last request: 15282.064451 seconds.
  path: Assets/Prefabs/Stright.prefab
  artifactKey: Guid(56bf910e01a23a94294b95c286f2d964) Importer(815301076,1909f56bfc062723c751e8b465ee728b)
Start importing Assets/Prefabs/Stright.prefab using Guid(56bf910e01a23a94294b95c286f2d964) Importer(815301076,1909f56bfc062723c751e8b465ee728b)  -> (artifact id: 'd16020c6eb4fc05dd7066596c1cd1e85') in 0.112471 seconds 
========================================================================
Received Import Request.
  Time since last request: 8.925499 seconds.
  path: Assets/Prefabs/Corner.prefab
  artifactKey: Guid(d3b89e961a6873a47926636b74e917b7) Importer(815301076,1909f56bfc062723c751e8b465ee728b)
Start importing Assets/Prefabs/Corner.prefab using Guid(d3b89e961a6873a47926636b74e917b7) Importer(815301076,1909f56bfc062723c751e8b465ee728b)  -> (artifact id: '80bc3788ae4db16ca6f0c330d1814143') in 0.018156 seconds 
========================================================================
Received Import Request.
  Time since last request: 16.484216 seconds.
  path: Assets/Prefabs/EndPoint.prefab
  artifactKey: Guid(ffe90ca13db72564aa2bc2ae10d753d8) Importer(815301076,1909f56bfc062723c751e8b465ee728b)
Start importing Assets/Prefabs/EndPoint.prefab using Guid(ffe90ca13db72564aa2bc2ae10d753d8) Importer(815301076,1909f56bfc062723c751e8b465ee728b)  -> (artifact id: 'ea2062b26ab275232ddbe2c88fd1611f') in 0.012656 seconds 
========================================================================
Received Import Request.
  Time since last request: 2.767805 seconds.
  path: Assets/Prefabs/Goal.prefab
  artifactKey: Guid(195bdb4bffcc2914aa4ae8314ff6895a) Importer(815301076,1909f56bfc062723c751e8b465ee728b)
Start importing Assets/Prefabs/Goal.prefab using Guid(195bdb4bffcc2914aa4ae8314ff6895a) Importer(815301076,1909f56bfc062723c751e8b465ee728b)  -> (artifact id: 'd857d7f71fc27e9f1b18826aba9f3ed3') in 0.021411 seconds 
========================================================================
Received Import Request.
  Time since last request: 17.068467 seconds.
  path: Assets/Prefabs/Minigolf
  artifactKey: Guid(38b468f5fa55bfd48a42accde88bb0d7) Importer(815301076,1909f56bfc062723c751e8b465ee728b)
Start importing Assets/Prefabs/Minigolf using Guid(38b468f5fa55bfd48a42accde88bb0d7) Importer(815301076,1909f56bfc062723c751e8b465ee728b)  -> (artifact id: '00ca6a07585e4dcc21dbb647cad65fbf') in 0.007180 seconds 
